<html>
<head>
<title>TestNG:  ClassicCRM application test cases</title>
<link href="../testng.css" rel="stylesheet" type="text/css" />
<link href="../my-testng.css" rel="stylesheet" type="text/css" />

<style type="text/css">
.log { display: none;} 
.stack-trace { display: none;} 
</style>
<script type="text/javascript">
<!--
function flip(e) {
  current = e.style.display;
  if (current == 'block') {
    e.style.display = 'none';
    return 0;
  }
  else {
    e.style.display = 'block';
    return 1;
  }
}

function toggleBox(szDivId, elem, msg1, msg2)
{
  var res = -1;  if (document.getElementById) {
    res = flip(document.getElementById(szDivId));
  }
  else if (document.all) {
    // this is the way old msie versions work
    res = flip(document.all[szDivId]);
  }
  if(elem) {
    if(res == 0) elem.innerHTML = msg1; else elem.innerHTML = msg2;
  }

}

function toggleAllBoxes() {
  if (document.getElementsByTagName) {
    d = document.getElementsByTagName('div');
    for (i = 0; i < d.length; i++) {
      if (d[i].className == 'log') {
        flip(d[i]);
      }
    }
  }
}

// -->
</script>

</head>
<body>
<h2 align='center'>ClassicCRM application test cases</h2><table border='1' align="center">
<tr>
<td>Tests passed/Failed/Skipped:</td><td>12/0/6</td>
</tr><tr>
<td>Started on:</td><td>Sun Apr 05 22:09:57 IST 2020</td>
</tr>
<tr><td>Total time:</td><td>240 seconds (240147 ms)</td>
</tr><tr>
<td>Included groups:</td><td></td>
</tr><tr>
<td>Excluded groups:</td><td></td>
</tr>
</table><p/>
<small><i>(Hover the method name to see the test class name)</i></small><p/>
<table width='100%' border='1' class='invocation-failed'>
<tr><td colspan='4' align='center'><b>FAILED CONFIGURATIONS</b></td></tr>
<tr><td><b>Test method</b></td>
<td width="30%"><b>Exception</b></td>
<td width="10%"><b>Time (seconds)</b></td>
<td><b>Instance</b></td>
</tr>
<tr>
<td title='com.classicCrm.qa.test.CreateNewDealsPageClassicCrmTest.setUp()'><b>setUp</b><br>Test class: com.classicCrm.qa.test.CreateNewDealsPageClassicCrmTest</td>
<td><div><pre>org.openqa.selenium.UnsupportedCommandException: mouseMoveTo
Build info: version: &apos;3.5.3&apos;, revision: &apos;a88d25fe6b&apos;, time: &apos;2017-08-29T12:42:44.417Z&apos;
System info: host: &apos;AKSHAYKALLURWAR&apos;, ip: &apos;192.168.1.67&apos;, os.name: &apos;Windows 8.1&apos;, os.arch: &apos;amd64&apos;, os.version: &apos;6.3&apos;, java.version: &apos;1.8.0_171&apos;
Driver info: driver.version: RemoteWebDriver
	at org.openqa.selenium.remote.http.AbstractHttpCommandCodec.encode(AbstractHttpCommandCodec.java:222)
	at org.openqa.selenium.remote.http.AbstractHttpCommandCodec.encode(AbstractHttpCommandCodec.java:119)
	at org.openqa.selenium.remote.HttpCommandExecutor.execute(HttpCommandExecutor.java:158)
	at org.openqa.selenium.remote.service.DriverCommandExecutor.execute(DriverCommandExecutor.java:82)
	at org.openqa.selenium.remote.RemoteWebDriver.execute(RemoteWebDriver.java:646)
	at org.openqa.selenium.remote.RemoteExecuteMethod.execute(RemoteExecuteMethod.java:35)
	at org.openqa.selenium.remote.RemoteMouse.mouseMove(RemoteMouse.java:89)
	at org.openqa.selenium.support.events.internal.EventFiringMouse.mouseMove(EventFiringMouse.java:58)
	at org.openqa.selenium.interactions.MoveMouseAction.perform(MoveMouseAction.java:43)
	at org.openqa.selenium.interactions.CompositeAction.perform(CompositeAction.java:36)
	at org.openqa.selenium.interactions.Actions$BuiltAction.perform(Actions.java:641)
	at com.classicCrm.qa.util.TestUtil.mouseHoverOnElement(TestUtil.java:122)
	at com.classicCrm.qa.po.HomePageClassicCrm.clickOnNewDealsLink(HomePageClassicCrm.java:69)
	at com.classicCrm.qa.test.CreateNewDealsPageClassicCrmTest.setUp(CreateNewDealsPageClassicCrmTest.java:40)
... Removed 26 stack frames</pre></div><a href='#' onClick='toggleBox("stack-trace183259297", this, "Click to show all stack frames", "Click to hide stack frames")'>Click to show all stack frames</a>
<div class='stack-trace' id='stack-trace183259297'><pre>org.openqa.selenium.UnsupportedCommandException: mouseMoveTo
Build info: version: &apos;3.5.3&apos;, revision: &apos;a88d25fe6b&apos;, time: &apos;2017-08-29T12:42:44.417Z&apos;
System info: host: &apos;AKSHAYKALLURWAR&apos;, ip: &apos;192.168.1.67&apos;, os.name: &apos;Windows 8.1&apos;, os.arch: &apos;amd64&apos;, os.version: &apos;6.3&apos;, java.version: &apos;1.8.0_171&apos;
Driver info: driver.version: RemoteWebDriver
	at org.openqa.selenium.remote.http.AbstractHttpCommandCodec.encode(AbstractHttpCommandCodec.java:222)
	at org.openqa.selenium.remote.http.AbstractHttpCommandCodec.encode(AbstractHttpCommandCodec.java:119)
	at org.openqa.selenium.remote.HttpCommandExecutor.execute(HttpCommandExecutor.java:158)
	at org.openqa.selenium.remote.service.DriverCommandExecutor.execute(DriverCommandExecutor.java:82)
	at org.openqa.selenium.remote.RemoteWebDriver.execute(RemoteWebDriver.java:646)
	at org.openqa.selenium.remote.RemoteExecuteMethod.execute(RemoteExecuteMethod.java:35)
	at org.openqa.selenium.remote.RemoteMouse.mouseMove(RemoteMouse.java:89)
	at org.openqa.selenium.support.events.internal.EventFiringMouse.mouseMove(EventFiringMouse.java:58)
	at org.openqa.selenium.interactions.MoveMouseAction.perform(MoveMouseAction.java:43)
	at org.openqa.selenium.interactions.CompositeAction.perform(CompositeAction.java:36)
	at org.openqa.selenium.interactions.Actions$BuiltAction.perform(Actions.java:641)
	at com.classicCrm.qa.util.TestUtil.mouseHoverOnElement(TestUtil.java:122)
	at com.classicCrm.qa.po.HomePageClassicCrm.clickOnNewDealsLink(HomePageClassicCrm.java:69)
	at com.classicCrm.qa.test.CreateNewDealsPageClassicCrmTest.setUp(CreateNewDealsPageClassicCrmTest.java:40)
	at sun.reflect.NativeMethodAccessorImpl.invoke0(Native Method)
	at sun.reflect.NativeMethodAccessorImpl.invoke(NativeMethodAccessorImpl.java:62)
	at sun.reflect.DelegatingMethodAccessorImpl.invoke(DelegatingMethodAccessorImpl.java:43)
	at java.lang.reflect.Method.invoke(Method.java:498)
	at org.testng.internal.MethodInvocationHelper.invokeMethod(MethodInvocationHelper.java:85)
	at org.testng.internal.Invoker.invokeConfigurationMethod(Invoker.java:510)
	at org.testng.internal.Invoker.invokeConfigurations(Invoker.java:211)
	at org.testng.internal.Invoker.invokeMethod(Invoker.java:585)
	at org.testng.internal.Invoker.invokeTestMethod(Invoker.java:816)
	at org.testng.internal.Invoker.invokeTestMethods(Invoker.java:1124)
	at org.testng.internal.TestMethodWorker.invokeTestMethods(TestMethodWorker.java:125)
	at org.testng.internal.TestMethodWorker.run(TestMethodWorker.java:108)
	at org.testng.TestRunner.privateRun(TestRunner.java:774)
	at org.testng.TestRunner.run(TestRunner.java:624)
	at org.testng.SuiteRunner.runTest(SuiteRunner.java:359)
	at org.testng.SuiteRunner.runSequentially(SuiteRunner.java:354)
	at org.testng.SuiteRunner.privateRun(SuiteRunner.java:312)
	at org.testng.SuiteRunner.run(SuiteRunner.java:261)
	at org.testng.SuiteRunnerWorker.runSuite(SuiteRunnerWorker.java:52)
	at org.testng.SuiteRunnerWorker.run(SuiteRunnerWorker.java:86)
	at org.testng.TestNG.runSuitesSequentially(TestNG.java:1191)
	at org.testng.TestNG.runSuitesLocally(TestNG.java:1116)
	at org.testng.TestNG.run(TestNG.java:1024)
	at org.testng.remote.AbstractRemoteTestNG.run(AbstractRemoteTestNG.java:126)
	at org.testng.remote.RemoteTestNG.initAndRun(RemoteTestNG.java:152)
	at org.testng.remote.RemoteTestNG.main(RemoteTestNG.java:57)
</pre></div></td>
<td>0</td>
<td>com.classicCrm.qa.test.CreateNewDealsPageClassicCrmTest@5649fd9b</td></tr>
<tr>
<td title='com.classicCrm.qa.test.CreatedDealVerificationPageClassicCrmTest.setUp()'><b>setUp</b><br>Test class: com.classicCrm.qa.test.CreatedDealVerificationPageClassicCrmTest</td>
<td><div><pre>org.openqa.selenium.UnsupportedCommandException: mouseMoveTo
Build info: version: &apos;3.5.3&apos;, revision: &apos;a88d25fe6b&apos;, time: &apos;2017-08-29T12:42:44.417Z&apos;
System info: host: &apos;AKSHAYKALLURWAR&apos;, ip: &apos;192.168.1.67&apos;, os.name: &apos;Windows 8.1&apos;, os.arch: &apos;amd64&apos;, os.version: &apos;6.3&apos;, java.version: &apos;1.8.0_171&apos;
Driver info: driver.version: RemoteWebDriver
	at org.openqa.selenium.remote.http.AbstractHttpCommandCodec.encode(AbstractHttpCommandCodec.java:222)
	at org.openqa.selenium.remote.http.AbstractHttpCommandCodec.encode(AbstractHttpCommandCodec.java:119)
	at org.openqa.selenium.remote.HttpCommandExecutor.execute(HttpCommandExecutor.java:158)
	at org.openqa.selenium.remote.service.DriverCommandExecutor.execute(DriverCommandExecutor.java:82)
	at org.openqa.selenium.remote.RemoteWebDriver.execute(RemoteWebDriver.java:646)
	at org.openqa.selenium.remote.RemoteExecuteMethod.execute(RemoteExecuteMethod.java:35)
	at org.openqa.selenium.remote.RemoteMouse.mouseMove(RemoteMouse.java:89)
	at org.openqa.selenium.support.events.internal.EventFiringMouse.mouseMove(EventFiringMouse.java:58)
	at org.openqa.selenium.interactions.MoveMouseAction.perform(MoveMouseAction.java:43)
	at org.openqa.selenium.interactions.CompositeAction.perform(CompositeAction.java:36)
	at org.openqa.selenium.interactions.Actions$BuiltAction.perform(Actions.java:641)
	at com.classicCrm.qa.util.TestUtil.mouseHoverOnElement(TestUtil.java:122)
	at com.classicCrm.qa.po.HomePageClassicCrm.clickOnNewDealsLink(HomePageClassicCrm.java:69)
	at com.classicCrm.qa.test.CreatedDealVerificationPageClassicCrmTest.setUp(CreatedDealVerificationPageClassicCrmTest.java:49)
... Removed 26 stack frames</pre></div><a href='#' onClick='toggleBox("stack-trace553821397", this, "Click to show all stack frames", "Click to hide stack frames")'>Click to show all stack frames</a>
<div class='stack-trace' id='stack-trace553821397'><pre>org.openqa.selenium.UnsupportedCommandException: mouseMoveTo
Build info: version: &apos;3.5.3&apos;, revision: &apos;a88d25fe6b&apos;, time: &apos;2017-08-29T12:42:44.417Z&apos;
System info: host: &apos;AKSHAYKALLURWAR&apos;, ip: &apos;192.168.1.67&apos;, os.name: &apos;Windows 8.1&apos;, os.arch: &apos;amd64&apos;, os.version: &apos;6.3&apos;, java.version: &apos;1.8.0_171&apos;
Driver info: driver.version: RemoteWebDriver
	at org.openqa.selenium.remote.http.AbstractHttpCommandCodec.encode(AbstractHttpCommandCodec.java:222)
	at org.openqa.selenium.remote.http.AbstractHttpCommandCodec.encode(AbstractHttpCommandCodec.java:119)
	at org.openqa.selenium.remote.HttpCommandExecutor.execute(HttpCommandExecutor.java:158)
	at org.openqa.selenium.remote.service.DriverCommandExecutor.execute(DriverCommandExecutor.java:82)
	at org.openqa.selenium.remote.RemoteWebDriver.execute(RemoteWebDriver.java:646)
	at org.openqa.selenium.remote.RemoteExecuteMethod.execute(RemoteExecuteMethod.java:35)
	at org.openqa.selenium.remote.RemoteMouse.mouseMove(RemoteMouse.java:89)
	at org.openqa.selenium.support.events.internal.EventFiringMouse.mouseMove(EventFiringMouse.java:58)
	at org.openqa.selenium.interactions.MoveMouseAction.perform(MoveMouseAction.java:43)
	at org.openqa.selenium.interactions.CompositeAction.perform(CompositeAction.java:36)
	at org.openqa.selenium.interactions.Actions$BuiltAction.perform(Actions.java:641)
	at com.classicCrm.qa.util.TestUtil.mouseHoverOnElement(TestUtil.java:122)
	at com.classicCrm.qa.po.HomePageClassicCrm.clickOnNewDealsLink(HomePageClassicCrm.java:69)
	at com.classicCrm.qa.test.CreatedDealVerificationPageClassicCrmTest.setUp(CreatedDealVerificationPageClassicCrmTest.java:49)
	at sun.reflect.NativeMethodAccessorImpl.invoke0(Native Method)
	at sun.reflect.NativeMethodAccessorImpl.invoke(NativeMethodAccessorImpl.java:62)
	at sun.reflect.DelegatingMethodAccessorImpl.invoke(DelegatingMethodAccessorImpl.java:43)
	at java.lang.reflect.Method.invoke(Method.java:498)
	at org.testng.internal.MethodInvocationHelper.invokeMethod(MethodInvocationHelper.java:85)
	at org.testng.internal.Invoker.invokeConfigurationMethod(Invoker.java:510)
	at org.testng.internal.Invoker.invokeConfigurations(Invoker.java:211)
	at org.testng.internal.Invoker.invokeMethod(Invoker.java:585)
	at org.testng.internal.Invoker.invokeTestMethod(Invoker.java:816)
	at org.testng.internal.Invoker.invokeTestMethods(Invoker.java:1124)
	at org.testng.internal.TestMethodWorker.invokeTestMethods(TestMethodWorker.java:125)
	at org.testng.internal.TestMethodWorker.run(TestMethodWorker.java:108)
	at org.testng.TestRunner.privateRun(TestRunner.java:774)
	at org.testng.TestRunner.run(TestRunner.java:624)
	at org.testng.SuiteRunner.runTest(SuiteRunner.java:359)
	at org.testng.SuiteRunner.runSequentially(SuiteRunner.java:354)
	at org.testng.SuiteRunner.privateRun(SuiteRunner.java:312)
	at org.testng.SuiteRunner.run(SuiteRunner.java:261)
	at org.testng.SuiteRunnerWorker.runSuite(SuiteRunnerWorker.java:52)
	at org.testng.SuiteRunnerWorker.run(SuiteRunnerWorker.java:86)
	at org.testng.TestNG.runSuitesSequentially(TestNG.java:1191)
	at org.testng.TestNG.runSuitesLocally(TestNG.java:1116)
	at org.testng.TestNG.run(TestNG.java:1024)
	at org.testng.remote.AbstractRemoteTestNG.run(AbstractRemoteTestNG.java:126)
	at org.testng.remote.RemoteTestNG.initAndRun(RemoteTestNG.java:152)
	at org.testng.remote.RemoteTestNG.main(RemoteTestNG.java:57)
</pre></div></td>
<td>0</td>
<td>com.classicCrm.qa.test.CreatedDealVerificationPageClassicCrmTest@6adede5</td></tr>
</table><p>
<table width='100%' border='1' class='invocation-skipped'>
<tr><td colspan='4' align='center'><b>SKIPPED CONFIGURATIONS</b></td></tr>
<tr><td><b>Test method</b></td>
<td width="30%"><b>Exception</b></td>
<td width="10%"><b>Time (seconds)</b></td>
<td><b>Instance</b></td>
</tr>
<tr>
<td title='com.classicCrm.qa.test.CreateNewDealsPageClassicCrmTest.setUp()'><b>setUp</b><br>Test class: com.classicCrm.qa.test.CreateNewDealsPageClassicCrmTest</td>
<td></td>
<td>0</td>
<td>com.classicCrm.qa.test.CreateNewDealsPageClassicCrmTest@5649fd9b</td></tr>
<tr>
<td title='com.classicCrm.qa.test.CreatedDealVerificationPageClassicCrmTest.setUp()'><b>setUp</b><br>Test class: com.classicCrm.qa.test.CreatedDealVerificationPageClassicCrmTest</td>
<td></td>
<td>0</td>
<td>com.classicCrm.qa.test.CreatedDealVerificationPageClassicCrmTest@6adede5</td></tr>
<tr>
<td title='com.classicCrm.qa.test.CreatedDealVerificationPageClassicCrmTest.setUp()'><b>setUp</b><br>Test class: com.classicCrm.qa.test.CreatedDealVerificationPageClassicCrmTest</td>
<td></td>
<td>0</td>
<td>com.classicCrm.qa.test.CreatedDealVerificationPageClassicCrmTest@6adede5</td></tr>
<tr>
<td title='com.classicCrm.qa.test.CreatedDealVerificationPageClassicCrmTest.setUp()'><b>setUp</b><br>Test class: com.classicCrm.qa.test.CreatedDealVerificationPageClassicCrmTest</td>
<td></td>
<td>0</td>
<td>com.classicCrm.qa.test.CreatedDealVerificationPageClassicCrmTest@6adede5</td></tr>
<tr>
<td title='com.classicCrm.qa.test.CreateNewDealsPageClassicCrmTest.tearDown()'><b>tearDown</b><br>Test class: com.classicCrm.qa.test.CreateNewDealsPageClassicCrmTest</td>
<td></td>
<td>0</td>
<td>com.classicCrm.qa.test.CreateNewDealsPageClassicCrmTest@5649fd9b</td></tr>
<tr>
<td title='com.classicCrm.qa.test.CreateNewDealsPageClassicCrmTest.tearDown()'><b>tearDown</b><br>Test class: com.classicCrm.qa.test.CreateNewDealsPageClassicCrmTest</td>
<td></td>
<td>0</td>
<td>com.classicCrm.qa.test.CreateNewDealsPageClassicCrmTest@5649fd9b</td></tr>
<tr>
<td title='com.classicCrm.qa.test.CreatedDealVerificationPageClassicCrmTest.tearDown()'><b>tearDown</b><br>Test class: com.classicCrm.qa.test.CreatedDealVerificationPageClassicCrmTest</td>
<td></td>
<td>0</td>
<td>com.classicCrm.qa.test.CreatedDealVerificationPageClassicCrmTest@6adede5</td></tr>
<tr>
<td title='com.classicCrm.qa.test.CreatedDealVerificationPageClassicCrmTest.tearDown()'><b>tearDown</b><br>Test class: com.classicCrm.qa.test.CreatedDealVerificationPageClassicCrmTest</td>
<td></td>
<td>0</td>
<td>com.classicCrm.qa.test.CreatedDealVerificationPageClassicCrmTest@6adede5</td></tr>
<tr>
<td title='com.classicCrm.qa.test.CreatedDealVerificationPageClassicCrmTest.tearDown()'><b>tearDown</b><br>Test class: com.classicCrm.qa.test.CreatedDealVerificationPageClassicCrmTest</td>
<td></td>
<td>0</td>
<td>com.classicCrm.qa.test.CreatedDealVerificationPageClassicCrmTest@6adede5</td></tr>
<tr>
<td title='com.classicCrm.qa.test.CreatedDealVerificationPageClassicCrmTest.tearDown()'><b>tearDown</b><br>Test class: com.classicCrm.qa.test.CreatedDealVerificationPageClassicCrmTest</td>
<td></td>
<td>0</td>
<td>com.classicCrm.qa.test.CreatedDealVerificationPageClassicCrmTest@6adede5</td></tr>
</table><p>
<table width='100%' border='1' class='invocation-passed'>
<tr><td colspan='4' align='center'><b>PASSED TESTS</b></td></tr>
<tr><td><b>Test method</b></td>
<td width="30%"><b>Exception</b></td>
<td width="10%"><b>Time (seconds)</b></td>
<td><b>Instance</b></td>
</tr>
<tr>
<td title='com.classicCrm.qa.test.CreateNewContactPageClassicCrmTest.createNewContactTest()'><b>createNewContactTest</b><br>Test class: com.classicCrm.qa.test.CreateNewContactPageClassicCrmTest</td>
<td></td>
<td>7</td>
<td>com.classicCrm.qa.test.CreateNewContactPageClassicCrmTest@29ca901e</td></tr>
<tr>
<td title='com.classicCrm.qa.test.ContactsPageClassicCrmTest.selectContactByNameTest()'><b>selectContactByNameTest</b><br>Test class: com.classicCrm.qa.test.ContactsPageClassicCrmTest</td>
<td></td>
<td>0</td>
<td>com.classicCrm.qa.test.ContactsPageClassicCrmTest@4bec1f0c</td></tr>
<tr>
<td title='com.classicCrm.qa.test.ContactsPageClassicCrmTest.selectMultipleContactsByNameTest()'><b>selectMultipleContactsByNameTest</b><br>Test class: com.classicCrm.qa.test.ContactsPageClassicCrmTest</td>
<td></td>
<td>20</td>
<td>com.classicCrm.qa.test.ContactsPageClassicCrmTest@4bec1f0c</td></tr>
<tr>
<td title='com.classicCrm.qa.test.ContactsPageClassicCrmTest.validateContactsTableHeadingTest()'><b>validateContactsTableHeadingTest</b><br>Test class: com.classicCrm.qa.test.ContactsPageClassicCrmTest</td>
<td></td>
<td>0</td>
<td>com.classicCrm.qa.test.ContactsPageClassicCrmTest@4bec1f0c</td></tr>
<tr>
<td title='com.classicCrm.qa.test.HomePageClassicCrmTest.validateHomePageTitleTest()'><b>validateHomePageTitleTest</b><br>Test class: com.classicCrm.qa.test.HomePageClassicCrmTest</td>
<td></td>
<td>0</td>
<td>com.classicCrm.qa.test.HomePageClassicCrmTest@73846619</td></tr>
<tr>
<td title='com.classicCrm.qa.test.HomePageClassicCrmTest.validateLoggedInUserLabelTest()'><b>validateLoggedInUserLabelTest</b><br>Test class: com.classicCrm.qa.test.HomePageClassicCrmTest</td>
<td></td>
<td>0</td>
<td>com.classicCrm.qa.test.HomePageClassicCrmTest@73846619</td></tr>
<tr>
<td title='com.classicCrm.qa.test.LoginPageClassicCrmTest.validateLoginFunctionalityTest()'><b>validateLoginFunctionalityTest</b><br>Test class: com.classicCrm.qa.test.LoginPageClassicCrmTest</td>
<td></td>
<td>5</td>
<td>com.classicCrm.qa.test.LoginPageClassicCrmTest@3159c4b8</td></tr>
<tr>
<td title='com.classicCrm.qa.test.LoginPageClassicCrmTest.validateLoginPageLinksTest()'><b>validateLoginPageLinksTest</b><br>Test class: com.classicCrm.qa.test.LoginPageClassicCrmTest</td>
<td></td>
<td>1</td>
<td>com.classicCrm.qa.test.LoginPageClassicCrmTest@3159c4b8</td></tr>
<tr>
<td title='com.classicCrm.qa.test.LoginPageClassicCrmTest.validateLoginPageTitleTest()'><b>validateLoginPageTitleTest</b><br>Test class: com.classicCrm.qa.test.LoginPageClassicCrmTest</td>
<td></td>
<td>0</td>
<td>com.classicCrm.qa.test.LoginPageClassicCrmTest@3159c4b8</td></tr>
<tr>
<td title='com.classicCrm.qa.test.HomePageClassicCrmTest.validateclickOnContactsLinkTest()'><b>validateclickOnContactsLinkTest</b><br>Test class: com.classicCrm.qa.test.HomePageClassicCrmTest</td>
<td></td>
<td>0</td>
<td>com.classicCrm.qa.test.HomePageClassicCrmTest@73846619</td></tr>
<tr>
<td title='com.classicCrm.qa.test.HomePageClassicCrmTest.validateclickOnDealsLinkTest()'><b>validateclickOnDealsLinkTest</b><br>Test class: com.classicCrm.qa.test.HomePageClassicCrmTest</td>
<td></td>
<td>0</td>
<td>com.classicCrm.qa.test.HomePageClassicCrmTest@73846619</td></tr>
<tr>
<td title='com.classicCrm.qa.test.HomePageClassicCrmTest.validateclickOnTasksLink()'><b>validateclickOnTasksLink</b><br>Test class: com.classicCrm.qa.test.HomePageClassicCrmTest</td>
<td></td>
<td>0</td>
<td>com.classicCrm.qa.test.HomePageClassicCrmTest@73846619</td></tr>
</table><p>
<table width='100%' border='1' class='invocation-skipped'>
<tr><td colspan='4' align='center'><b>SKIPPED TESTS</b></td></tr>
<tr><td><b>Test method</b></td>
<td width="30%"><b>Exception</b></td>
<td width="10%"><b>Time (seconds)</b></td>
<td><b>Instance</b></td>
</tr>
<tr>
<td title='com.classicCrm.qa.test.CreatedDealVerificationPageClassicCrmTest.createdDealNumberMatchTest()'><b>createdDealNumberMatchTest</b><br>Test class: com.classicCrm.qa.test.CreatedDealVerificationPageClassicCrmTest<br>Parameters: Consumer, CTS, Manager, 10, 80, 20, mess, Led, 10, New, Online, human, mail, validation</td>
<td></td>
<td>0</td>
<td>com.classicCrm.qa.test.CreatedDealVerificationPageClassicCrmTest@6adede5</td></tr>
<tr>
<td title='com.classicCrm.qa.test.CreatedDealVerificationPageClassicCrmTest.createdDealNumberMatchTest()'><b>createdDealNumberMatchTest</b><br>Test class: com.classicCrm.qa.test.CreatedDealVerificationPageClassicCrmTest<br>Parameters: Client, TCS, SA, 10, 85, 20, hostel, pants, 15, Old, Partner, devil, post, verification</td>
<td></td>
<td>0</td>
<td>com.classicCrm.qa.test.CreatedDealVerificationPageClassicCrmTest@6adede5</td></tr>
<tr>
<td title='com.classicCrm.qa.test.CreateNewDealsPageClassicCrmTest.validateCreateNewDealTest()'><b>validateCreateNewDealTest</b><br>Test class: com.classicCrm.qa.test.CreateNewDealsPageClassicCrmTest<br>Parameters: Consumer, CTS, Manager, 10, 80, 20, mess, Led, 10, New, Online, human, mail, validation</td>
<td></td>
<td>0</td>
<td>com.classicCrm.qa.test.CreateNewDealsPageClassicCrmTest@5649fd9b</td></tr>
<tr>
<td title='com.classicCrm.qa.test.CreateNewDealsPageClassicCrmTest.validateCreateNewDealTest()'><b>validateCreateNewDealTest</b><br>Test class: com.classicCrm.qa.test.CreateNewDealsPageClassicCrmTest<br>Parameters: Client, TCS, SA, 10, 85, 20, hostel, pants, 15, Old, Partner, devil, post, verification</td>
<td></td>
<td>0</td>
<td>com.classicCrm.qa.test.CreateNewDealsPageClassicCrmTest@5649fd9b</td></tr>
<tr>
<td title='com.classicCrm.qa.test.CreatedDealVerificationPageClassicCrmTest.validateHeaderLinksPresentTest()'><b>validateHeaderLinksPresentTest</b><br>Test class: com.classicCrm.qa.test.CreatedDealVerificationPageClassicCrmTest<br>Parameters: Consumer, CTS, Manager, 10, 80, 20, mess, Led, 10, New, Online, human, mail, validation</td>
<td></td>
<td>0</td>
<td>com.classicCrm.qa.test.CreatedDealVerificationPageClassicCrmTest@6adede5</td></tr>
<tr>
<td title='com.classicCrm.qa.test.CreatedDealVerificationPageClassicCrmTest.validateHeaderLinksPresentTest()'><b>validateHeaderLinksPresentTest</b><br>Test class: com.classicCrm.qa.test.CreatedDealVerificationPageClassicCrmTest<br>Parameters: Client, TCS, SA, 10, 85, 20, hostel, pants, 15, Old, Partner, devil, post, verification</td>
<td></td>
<td>0</td>
<td>com.classicCrm.qa.test.CreatedDealVerificationPageClassicCrmTest@6adede5</td></tr>
</table><p>
</body>
</html>