<?xml version="1.0" encoding="UTF-8"?>
<!-- Generated by org.testng.reporters.JUnitXMLReporter -->
<testsuite hostname="AKSHAYKALLURWAR" name="ClassicCRM application test cases" tests="18" failures="0" timestamp="5 Apr 2020 16:43:58 GMT" time="240.147" errors="0">
  <testcase name="@BeforeMethod setUp" time="0.0" classname="com.classicCrm.qa.test.CreateNewDealsPageClassicCrmTest">
    <failure type="org.openqa.selenium.UnsupportedCommandException" message="mouseMoveTo
Build info: version: &amp;apos;3.5.3&amp;apos;, revision: &amp;apos;a88d25fe6b&amp;apos;, time: &amp;apos;2017-08-29T12:42:44.417Z&amp;apos;
System info: host: &amp;apos;AKSHAYKALLURWAR&amp;apos;, ip: &amp;apos;192.168.1.67&amp;apos;, os.name: &amp;apos;Windows 8.1&amp;apos;, os.arch: &amp;apos;amd64&amp;apos;, os.version: &amp;apos;6.3&amp;apos;, java.version: &amp;apos;1.8.0_171&amp;apos;
Driver info: driver.version: RemoteWebDriver">
      <![CDATA[org.openqa.selenium.UnsupportedCommandException: mouseMoveTo
Build info: version: '3.5.3', revision: 'a88d25fe6b', time: '2017-08-29T12:42:44.417Z'
System info: host: 'AKSHAYKALLURWAR', ip: '192.168.1.67', os.name: 'Windows 8.1', os.arch: 'amd64', os.version: '6.3', java.version: '1.8.0_171'
Driver info: driver.version: RemoteWebDriver
	at org.openqa.selenium.remote.http.AbstractHttpCommandCodec.encode(AbstractHttpCommandCodec.java:222)
	at org.openqa.selenium.remote.http.AbstractHttpCommandCodec.encode(AbstractHttpCommandCodec.java:119)
	at org.openqa.selenium.remote.HttpCommandExecutor.execute(HttpCommandExecutor.java:158)
	at org.openqa.selenium.remote.service.DriverCommandExecutor.execute(DriverCommandExecutor.java:82)
	at org.openqa.selenium.remote.RemoteWebDriver.execute(RemoteWebDriver.java:646)
	at org.openqa.selenium.remote.RemoteExecuteMethod.execute(RemoteExecuteMethod.java:35)
	at org.openqa.selenium.remote.RemoteMouse.mouseMove(RemoteMouse.java:89)
	at org.openqa.selenium.support.events.internal.EventFiringMouse.mouseMove(EventFiringMouse.java:58)
	at org.openqa.selenium.interactions.MoveMouseAction.perform(MoveMouseAction.java:43)
	at org.openqa.selenium.interactions.CompositeAction.perform(CompositeAction.java:36)
	at org.openqa.selenium.interactions.Actions$BuiltAction.perform(Actions.java:641)
	at com.classicCrm.qa.util.TestUtil.mouseHoverOnElement(TestUtil.java:122)
	at com.classicCrm.qa.po.HomePageClassicCrm.clickOnNewDealsLink(HomePageClassicCrm.java:69)
	at com.classicCrm.qa.test.CreateNewDealsPageClassicCrmTest.setUp(CreateNewDealsPageClassicCrmTest.java:40)
... Removed 26 stack frames]]>
    </failure>
  </testcase> <!-- @BeforeMethod setUp -->
  <testcase name="@AfterMethod tearDown" time="0.0" classname="com.classicCrm.qa.test.CreateNewDealsPageClassicCrmTest">
    <skipped/>
  </testcase> <!-- @AfterMethod tearDown -->
  <testcase name="@BeforeMethod setUp" time="0.0" classname="com.classicCrm.qa.test.CreateNewDealsPageClassicCrmTest">
    <skipped/>
  </testcase> <!-- @BeforeMethod setUp -->
  <testcase name="@AfterMethod tearDown" time="0.0" classname="com.classicCrm.qa.test.CreateNewDealsPageClassicCrmTest">
    <skipped/>
  </testcase> <!-- @AfterMethod tearDown -->
  <testcase name="@BeforeMethod setUp" time="0.0" classname="com.classicCrm.qa.test.CreatedDealVerificationPageClassicCrmTest">
    <failure type="org.openqa.selenium.UnsupportedCommandException" message="mouseMoveTo
Build info: version: &amp;apos;3.5.3&amp;apos;, revision: &amp;apos;a88d25fe6b&amp;apos;, time: &amp;apos;2017-08-29T12:42:44.417Z&amp;apos;
System info: host: &amp;apos;AKSHAYKALLURWAR&amp;apos;, ip: &amp;apos;192.168.1.67&amp;apos;, os.name: &amp;apos;Windows 8.1&amp;apos;, os.arch: &amp;apos;amd64&amp;apos;, os.version: &amp;apos;6.3&amp;apos;, java.version: &amp;apos;1.8.0_171&amp;apos;
Driver info: driver.version: RemoteWebDriver">
      <![CDATA[org.openqa.selenium.UnsupportedCommandException: mouseMoveTo
Build info: version: '3.5.3', revision: 'a88d25fe6b', time: '2017-08-29T12:42:44.417Z'
System info: host: 'AKSHAYKALLURWAR', ip: '192.168.1.67', os.name: 'Windows 8.1', os.arch: 'amd64', os.version: '6.3', java.version: '1.8.0_171'
Driver info: driver.version: RemoteWebDriver
	at org.openqa.selenium.remote.http.AbstractHttpCommandCodec.encode(AbstractHttpCommandCodec.java:222)
	at org.openqa.selenium.remote.http.AbstractHttpCommandCodec.encode(AbstractHttpCommandCodec.java:119)
	at org.openqa.selenium.remote.HttpCommandExecutor.execute(HttpCommandExecutor.java:158)
	at org.openqa.selenium.remote.service.DriverCommandExecutor.execute(DriverCommandExecutor.java:82)
	at org.openqa.selenium.remote.RemoteWebDriver.execute(RemoteWebDriver.java:646)
	at org.openqa.selenium.remote.RemoteExecuteMethod.execute(RemoteExecuteMethod.java:35)
	at org.openqa.selenium.remote.RemoteMouse.mouseMove(RemoteMouse.java:89)
	at org.openqa.selenium.support.events.internal.EventFiringMouse.mouseMove(EventFiringMouse.java:58)
	at org.openqa.selenium.interactions.MoveMouseAction.perform(MoveMouseAction.java:43)
	at org.openqa.selenium.interactions.CompositeAction.perform(CompositeAction.java:36)
	at org.openqa.selenium.interactions.Actions$BuiltAction.perform(Actions.java:641)
	at com.classicCrm.qa.util.TestUtil.mouseHoverOnElement(TestUtil.java:122)
	at com.classicCrm.qa.po.HomePageClassicCrm.clickOnNewDealsLink(HomePageClassicCrm.java:69)
	at com.classicCrm.qa.test.CreatedDealVerificationPageClassicCrmTest.setUp(CreatedDealVerificationPageClassicCrmTest.java:49)
... Removed 26 stack frames]]>
    </failure>
  </testcase> <!-- @BeforeMethod setUp -->
  <testcase name="@AfterMethod tearDown" time="0.0" classname="com.classicCrm.qa.test.CreatedDealVerificationPageClassicCrmTest">
    <skipped/>
  </testcase> <!-- @AfterMethod tearDown -->
  <testcase name="@BeforeMethod setUp" time="0.0" classname="com.classicCrm.qa.test.CreatedDealVerificationPageClassicCrmTest">
    <skipped/>
  </testcase> <!-- @BeforeMethod setUp -->
  <testcase name="@AfterMethod tearDown" time="0.0" classname="com.classicCrm.qa.test.CreatedDealVerificationPageClassicCrmTest">
    <skipped/>
  </testcase> <!-- @AfterMethod tearDown -->
  <testcase name="@BeforeMethod setUp" time="0.0" classname="com.classicCrm.qa.test.CreatedDealVerificationPageClassicCrmTest">
    <skipped/>
  </testcase> <!-- @BeforeMethod setUp -->
  <testcase name="@AfterMethod tearDown" time="0.0" classname="com.classicCrm.qa.test.CreatedDealVerificationPageClassicCrmTest">
    <skipped/>
  </testcase> <!-- @AfterMethod tearDown -->
  <testcase name="@BeforeMethod setUp" time="0.0" classname="com.classicCrm.qa.test.CreatedDealVerificationPageClassicCrmTest">
    <skipped/>
  </testcase> <!-- @BeforeMethod setUp -->
  <testcase name="@AfterMethod tearDown" time="0.0" classname="com.classicCrm.qa.test.CreatedDealVerificationPageClassicCrmTest">
    <skipped/>
  </testcase> <!-- @AfterMethod tearDown -->
  <testcase name="validateLoginPageLinksTest" time="1.718" classname="com.classicCrm.qa.test.LoginPageClassicCrmTest"/>
  <testcase name="validateLoginPageTitleTest" time="0.066" classname="com.classicCrm.qa.test.LoginPageClassicCrmTest"/>
  <testcase name="validateLoginFunctionalityTest" time="5.455" classname="com.classicCrm.qa.test.LoginPageClassicCrmTest"/>
  <testcase name="validateHomePageTitleTest" time="0.035" classname="com.classicCrm.qa.test.HomePageClassicCrmTest"/>
  <testcase name="validateLoggedInUserLabelTest" time="0.12" classname="com.classicCrm.qa.test.HomePageClassicCrmTest"/>
  <testcase name="validateclickOnContactsLinkTest" time="0.056" classname="com.classicCrm.qa.test.HomePageClassicCrmTest"/>
  <testcase name="validateclickOnDealsLinkTest" time="0.071" classname="com.classicCrm.qa.test.HomePageClassicCrmTest"/>
  <testcase name="validateclickOnTasksLink" time="0.066" classname="com.classicCrm.qa.test.HomePageClassicCrmTest"/>
  <testcase name="validateContactsTableHeadingTest" time="0.073" classname="com.classicCrm.qa.test.ContactsPageClassicCrmTest"/>
  <testcase name="selectContactByNameTest" time="0.158" classname="com.classicCrm.qa.test.ContactsPageClassicCrmTest"/>
  <testcase name="selectMultipleContactsByNameTest" time="20.795" classname="com.classicCrm.qa.test.ContactsPageClassicCrmTest"/>
  <testcase name="createNewContactTest" time="7.418" classname="com.classicCrm.qa.test.CreateNewContactPageClassicCrmTest"/>
  <testcase name="validateCreateNewDealTest" time="0.001" classname="com.classicCrm.qa.test.CreateNewDealsPageClassicCrmTest">
    <skipped/>
  </testcase> <!-- validateCreateNewDealTest -->
  <testcase name="validateCreateNewDealTest" time="0.0" classname="com.classicCrm.qa.test.CreateNewDealsPageClassicCrmTest">
    <skipped/>
  </testcase> <!-- validateCreateNewDealTest -->
  <testcase name="createdDealNumberMatchTest" time="0.001" classname="com.classicCrm.qa.test.CreatedDealVerificationPageClassicCrmTest">
    <skipped/>
  </testcase> <!-- createdDealNumberMatchTest -->
  <testcase name="createdDealNumberMatchTest" time="0.001" classname="com.classicCrm.qa.test.CreatedDealVerificationPageClassicCrmTest">
    <skipped/>
  </testcase> <!-- createdDealNumberMatchTest -->
  <testcase name="validateHeaderLinksPresentTest" time="0.0" classname="com.classicCrm.qa.test.CreatedDealVerificationPageClassicCrmTest">
    <skipped/>
  </testcase> <!-- validateHeaderLinksPresentTest -->
  <testcase name="validateHeaderLinksPresentTest" time="0.001" classname="com.classicCrm.qa.test.CreatedDealVerificationPageClassicCrmTest">
    <skipped/>
  </testcase> <!-- validateHeaderLinksPresentTest -->
</testsuite> <!-- ClassicCRM application test cases -->
